23:02:05.747 [main] INFO  testCases.TC_005_EndtoEndTest - Login clicked
23:02:05.758 [main] INFO  testCases.TC_005_EndtoEndTest - Enterring user credentials
23:02:06.665 [main] INFO  testCases.TC_005_EndtoEndTest - Login button clicked
23:03:49.172 [main] INFO  testCases.TC_005_EndtoEndTest - **** Starting TC_005_EndtoEndTest  ****
23:03:49.905 [main] INFO  testCases.TC_005_EndtoEndTest - My account clicked
23:03:50.640 [main] INFO  testCases.TC_005_EndtoEndTest - Login clicked
23:03:50.642 [main] INFO  testCases.TC_005_EndtoEndTest - Enterring user credentials
23:03:51.543 [main] INFO  testCases.TC_005_EndtoEndTest - Login button clicked
23:05:23.232 [main] INFO  testCases.TC_005_EndtoEndTest - **** Starting TC_005_EndtoEndTest  ****
23:05:23.903 [main] INFO  testCases.TC_005_EndtoEndTest - My account clicked
23:05:24.349 [main] INFO  testCases.TC_005_EndtoEndTest - Login clicked
23:05:24.350 [main] INFO  testCases.TC_005_EndtoEndTest - Enterring user credentials
23:05:25.050 [main] INFO  testCases.TC_005_EndtoEndTest - Login button clicked
23:06:01.230 [main] INFO  testCases.TC_005_EndtoEndTest - **** Starting TC_005_EndtoEndTest  ****
23:06:01.481 [main] INFO  testCases.TC_005_EndtoEndTest - My account clicked
23:06:02.055 [main] INFO  testCases.TC_005_EndtoEndTest - Login clicked
23:06:02.068 [main] INFO  testCases.TC_005_EndtoEndTest - Enterring user credentials
23:06:02.781 [main] INFO  testCases.TC_005_EndtoEndTest - Login button clicked
23:06:20.602 [main] INFO  testCases.TC_005_EndtoEndTest - **** Starting TC_005_EndtoEndTest  ****
23:06:21.360 [main] INFO  testCases.TC_005_EndtoEndTest - My account clicked
23:06:21.796 [main] INFO  testCases.TC_005_EndtoEndTest - Login clicked
23:06:21.797 [main] INFO  testCases.TC_005_EndtoEndTest - Enterring user credentials
23:06:22.509 [main] INFO  testCases.TC_005_EndtoEndTest - Login button clicked
23:13:04.123 [main] INFO  testCases.TC_005_EndtoEndTest - **** Starting TC_005_EndtoEndTest  ****
23:13:04.804 [main] INFO  testCases.TC_005_EndtoEndTest - My account clicked
23:13:05.441 [main] INFO  testCases.TC_005_EndtoEndTest - Login clicked
23:13:05.447 [main] INFO  testCases.TC_005_EndtoEndTest - Enterring user credentials
23:13:06.427 [main] INFO  testCases.TC_005_EndtoEndTest - Login button clicked
23:13:53.901 [main] INFO  testCases.TC_005_EndtoEndTest - **** Starting TC_005_EndtoEndTest  ****
23:13:54.644 [main] INFO  testCases.TC_005_EndtoEndTest - My account clicked
23:13:55.147 [main] INFO  testCases.TC_005_EndtoEndTest - Login clicked
23:13:55.152 [main] INFO  testCases.TC_005_EndtoEndTest - Enterring user credentials
23:13:56.061 [main] INFO  testCases.TC_005_EndtoEndTest - Login button clicked
23:15:19.388 [main] INFO  testCases.TC_005_EndtoEndTest - **** Starting TC_005_EndtoEndTest  ****
23:15:20.100 [main] INFO  testCases.TC_005_EndtoEndTest - My account clicked
23:15:20.518 [main] INFO  testCases.TC_005_EndtoEndTest - Login clicked
23:15:20.519 [main] INFO  testCases.TC_005_EndtoEndTest - Enterring user credentials
23:15:21.311 [main] INFO  testCases.TC_005_EndtoEndTest - Login button clicked
23:26:15.423 [main] INFO  testCases.TC_005_EndtoEndTest - **** Starting TC_005_EndtoEndTest  ****
23:26:15.688 [main] INFO  testCases.TC_005_EndtoEndTest - My account clicked
23:26:16.216 [main] INFO  testCases.TC_005_EndtoEndTest - Login clicked
23:26:16.217 [main] INFO  testCases.TC_005_EndtoEndTest - Enterring user credentials
23:26:17.116 [main] INFO  testCases.TC_005_EndtoEndTest - Login button clicked
23:26:38.592 [main] INFO  testCases.TC_005_EndtoEndTest - **** Starting TC_005_EndtoEndTest  ****
23:26:38.821 [main] INFO  testCases.TC_005_EndtoEndTest - My account clicked
23:26:39.330 [main] INFO  testCases.TC_005_EndtoEndTest - Login clicked
23:26:39.332 [main] INFO  testCases.TC_005_EndtoEndTest - Enterring user credentials
23:26:40.093 [main] INFO  testCases.TC_005_EndtoEndTest - Login button clicked
23:26:58.958 [main] INFO  testCases.TC_005_EndtoEndTest - **** Starting TC_005_EndtoEndTest  ****
23:26:59.140 [main] INFO  testCases.TC_005_EndtoEndTest - My account clicked
23:26:59.695 [main] INFO  testCases.TC_005_EndtoEndTest - Login clicked
23:26:59.696 [main] INFO  testCases.TC_005_EndtoEndTest - Enterring user credentials
23:27:00.469 [main] INFO  testCases.TC_005_EndtoEndTest - Login button clicked
23:27:26.174 [main] INFO  testCases.TC_005_EndtoEndTest - **** Starting TC_005_EndtoEndTest  ****
23:27:26.871 [main] INFO  testCases.TC_005_EndtoEndTest - My account clicked
23:27:27.292 [main] INFO  testCases.TC_005_EndtoEndTest - Login clicked
23:27:27.293 [main] INFO  testCases.TC_005_EndtoEndTest - Enterring user credentials
23:27:28.074 [main] INFO  testCases.TC_005_EndtoEndTest - Login button clicked
23:28:38.366 [main] INFO  testCases.TC_005_EndtoEndTest - **** Starting TC_005_EndtoEndTest  ****
23:28:38.507 [main] INFO  testCases.TC_005_EndtoEndTest - My account clicked
23:28:38.977 [main] INFO  testCases.TC_005_EndtoEndTest - Login clicked
